<?xml version="1.0" encoding="UTF-8"?>
<testsuite name="com.findgeo.FindGeoApplicationTests" tests="1" skipped="0" failures="0" errors="0" timestamp="2022-12-31T14:13:41" hostname="HX2Y" time="0.2">
  <properties/>
  <testcase name="contextLoads()" classname="com.findgeo.FindGeoApplicationTests" time="0.2"/>
  <system-out><![CDATA[23:13:33.613 [Test worker] DEBUG org.springframework.test.context.BootstrapUtils - Instantiating CacheAwareContextLoaderDelegate from class [org.springframework.test.context.cache.DefaultCacheAwareContextLoaderDelegate]
23:13:33.627 [Test worker] DEBUG org.springframework.test.context.BootstrapUtils - Instantiating BootstrapContext using constructor [public org.springframework.test.context.support.DefaultBootstrapContext(java.lang.Class,org.springframework.test.context.CacheAwareContextLoaderDelegate)]
23:13:33.656 [Test worker] DEBUG org.springframework.test.context.BootstrapUtils - Instantiating TestContextBootstrapper for test class [com.findgeo.FindGeoApplicationTests] from class [org.springframework.boot.test.context.SpringBootTestContextBootstrapper]
23:13:33.667 [Test worker] INFO org.springframework.boot.test.context.SpringBootTestContextBootstrapper - Neither @ContextConfiguration nor @ContextHierarchy found for test class [com.findgeo.FindGeoApplicationTests], using SpringBootContextLoader
23:13:33.671 [Test worker] DEBUG org.springframework.test.context.support.AbstractContextLoader - Did not detect default resource location for test class [com.findgeo.FindGeoApplicationTests]: class path resource [com/findgeo/FindGeoApplicationTests-context.xml] does not exist
23:13:33.672 [Test worker] DEBUG org.springframework.test.context.support.AbstractContextLoader - Did not detect default resource location for test class [com.findgeo.FindGeoApplicationTests]: class path resource [com/findgeo/FindGeoApplicationTestsContext.groovy] does not exist
23:13:33.672 [Test worker] INFO org.springframework.test.context.support.AbstractContextLoader - Could not detect default resource locations for test class [com.findgeo.FindGeoApplicationTests]: no resource found for suffixes {-context.xml, Context.groovy}.
23:13:33.673 [Test worker] INFO org.springframework.test.context.support.AnnotationConfigContextLoaderUtils - Could not detect default configuration classes for test class [com.findgeo.FindGeoApplicationTests]: FindGeoApplicationTests does not declare any static, non-private, non-final, nested classes annotated with @Configuration.
23:13:33.718 [Test worker] DEBUG org.springframework.test.context.support.ActiveProfilesUtils - Could not find an 'annotation declaring class' for annotation type [org.springframework.test.context.ActiveProfiles] and class [com.findgeo.FindGeoApplicationTests]
23:13:33.767 [Test worker] DEBUG org.springframework.context.annotation.ClassPathScanningCandidateComponentProvider - Identified candidate component class: file [C:\Users\yhh10\OneDrive\바탕 화면\git\FindGEO\build\classes\java\main\com\findgeo\FindGeoApplication.class]
23:13:33.768 [Test worker] INFO org.springframework.boot.test.context.SpringBootTestContextBootstrapper - Found @SpringBootConfiguration com.findgeo.FindGeoApplication for test class com.findgeo.FindGeoApplicationTests
23:13:33.875 [Test worker] DEBUG org.springframework.boot.test.context.SpringBootTestContextBootstrapper - @TestExecutionListeners is not present for class [com.findgeo.FindGeoApplicationTests]: using defaults.
23:13:33.875 [Test worker] INFO org.springframework.boot.test.context.SpringBootTestContextBootstrapper - Loaded default TestExecutionListener class names from location [META-INF/spring.factories]: [org.springframework.security.test.context.support.WithSecurityContextTestExecutionListener, org.springframework.security.test.context.support.ReactorContextTestExecutionListener, org.springframework.boot.test.autoconfigure.restdocs.RestDocsTestExecutionListener, org.springframework.boot.test.autoconfigure.web.client.MockRestServiceServerResetTestExecutionListener, org.springframework.boot.test.autoconfigure.web.servlet.MockMvcPrintOnlyOnFailureTestExecutionListener, org.springframework.boot.test.autoconfigure.web.servlet.WebDriverTestExecutionListener, org.springframework.boot.test.autoconfigure.webservices.client.MockWebServiceServerTestExecutionListener, org.springframework.boot.test.mock.mockito.MockitoTestExecutionListener, org.springframework.boot.test.mock.mockito.ResetMocksTestExecutionListener, org.springframework.test.context.web.ServletTestExecutionListener, org.springframework.test.context.support.DirtiesContextBeforeModesTestExecutionListener, org.springframework.test.context.event.ApplicationEventsTestExecutionListener, org.springframework.test.context.support.DependencyInjectionTestExecutionListener, org.springframework.test.context.support.DirtiesContextTestExecutionListener, org.springframework.test.context.transaction.TransactionalTestExecutionListener, org.springframework.test.context.jdbc.SqlScriptsTestExecutionListener, org.springframework.test.context.event.EventPublishingTestExecutionListener]
23:13:33.901 [Test worker] INFO org.springframework.boot.test.context.SpringBootTestContextBootstrapper - Using TestExecutionListeners: [org.springframework.test.context.web.ServletTestExecutionListener@6e0d4a8, org.springframework.test.context.support.DirtiesContextBeforeModesTestExecutionListener@64d7b720, org.springframework.test.context.event.ApplicationEventsTestExecutionListener@30272916, org.springframework.boot.test.mock.mockito.MockitoTestExecutionListener@5bb3d42d, org.springframework.boot.test.autoconfigure.SpringBootDependencyInjectionTestExecutionListener@5bf61e67, org.springframework.test.context.support.DirtiesContextTestExecutionListener@2c1dc8e, org.springframework.test.context.transaction.TransactionalTestExecutionListener@b273a59, org.springframework.test.context.jdbc.SqlScriptsTestExecutionListener@4e7095ac, org.springframework.security.test.context.support.WithSecurityContextTestExecutionListener@251ebf23, org.springframework.test.context.event.EventPublishingTestExecutionListener@29b732a2, org.springframework.security.test.context.support.ReactorContextTestExecutionListener@1b70203f, org.springframework.boot.test.autoconfigure.restdocs.RestDocsTestExecutionListener@51671b08, org.springframework.boot.test.autoconfigure.web.client.MockRestServiceServerResetTestExecutionListener@15051a0, org.springframework.boot.test.autoconfigure.web.servlet.MockMvcPrintOnlyOnFailureTestExecutionListener@1162410a, org.springframework.boot.test.autoconfigure.web.servlet.WebDriverTestExecutionListener@b09fac1, org.springframework.boot.test.autoconfigure.webservices.client.MockWebServiceServerTestExecutionListener@62df0ff3, org.springframework.boot.test.mock.mockito.ResetMocksTestExecutionListener@61019f59]
23:13:33.907 [Test worker] DEBUG org.springframework.test.context.support.AbstractDirtiesContextTestExecutionListener - Before test class: context [DefaultTestContext@55a8dc49 testClass = FindGeoApplicationTests, testInstance = [null], testMethod = [null], testException = [null], mergedContextConfiguration = [WebMergedContextConfiguration@2a415aa9 testClass = FindGeoApplicationTests, locations = '{}', classes = '{class com.findgeo.FindGeoApplication}', contextInitializerClasses = '[]', activeProfiles = '{}', propertySourceLocations = '{}', propertySourceProperties = '{org.springframework.boot.test.context.SpringBootTestContextBootstrapper=true}', contextCustomizers = set[org.springframework.boot.test.autoconfigure.actuate.metrics.MetricsExportContextCustomizerFactory$DisableMetricExportContextCustomizer@6e1d8f9e, org.springframework.boot.test.autoconfigure.properties.PropertyMappingContextCustomizer@0, org.springframework.boot.test.autoconfigure.web.servlet.WebDriverContextCustomizerFactory$Customizer@3f446bef, org.springframework.boot.test.context.filter.ExcludeFilterContextCustomizer@72445aba, org.springframework.boot.test.json.DuplicateJsonObjectContextCustomizerFactory$DuplicateJsonObjectContextCustomizer@1252b961, org.springframework.boot.test.mock.mockito.MockitoContextCustomizer@0, org.springframework.boot.test.web.client.TestRestTemplateContextCustomizer@5b080f3a, org.springframework.boot.test.context.SpringBootTestArgs@1, org.springframework.boot.test.context.SpringBootTestWebEnvironment@27adc16e], resourceBasePath = 'src/main/webapp', contextLoader = 'org.springframework.boot.test.context.SpringBootContextLoader', parent = [null]], attributes = map['org.springframework.test.context.web.ServletTestExecutionListener.activateListener' -> true]], class annotated with @DirtiesContext [false] with mode [null].

  .   ____          _            __ _ _
 /\\ / ___'_ __ _ _(_)_ __  __ _ \ \ \ \
( ( )\___ | '_ | '_| | '_ \/ _` | \ \ \ \
 \\/  ___)| |_)| | | | | || (_| |  ) ) ) )
  '  |____| .__|_| |_|_| |_\__, | / / / /
 =========|_|==============|___/=/_/_/_/
 :: Spring Boot ::                (v2.7.5)

2022-12-31 23:13:34.230  INFO 14556 --- [    Test worker] com.findgeo.FindGeoApplicationTests      : Starting FindGeoApplicationTests using Java 17.0.4.1 on Hx2y with PID 14556 (started by yhh10 in C:\Users\yhh10\OneDrive\바탕 화면\git\FindGEO)
2022-12-31 23:13:34.231  INFO 14556 --- [    Test worker] com.findgeo.FindGeoApplicationTests      : The following 1 profile is active: "oauth"
2022-12-31 23:13:35.316  INFO 14556 --- [    Test worker] .s.d.r.c.RepositoryConfigurationDelegate : Multiple Spring Data modules found, entering strict repository configuration mode
2022-12-31 23:13:35.318  INFO 14556 --- [    Test worker] .s.d.r.c.RepositoryConfigurationDelegate : Bootstrapping Spring Data JDBC repositories in DEFAULT mode.
2022-12-31 23:13:35.363  INFO 14556 --- [    Test worker] .RepositoryConfigurationExtensionSupport : Spring Data JDBC - Could not safely identify store assignment for repository candidate interface com.findgeo.repository.ArRepository; If you want this repository to be a JDBC repository, consider annotating your entities with one of these annotations: org.springframework.data.relational.core.mapping.Table.
2022-12-31 23:13:35.366  INFO 14556 --- [    Test worker] .RepositoryConfigurationExtensionSupport : Spring Data JDBC - Could not safely identify store assignment for repository candidate interface com.findgeo.repository.ClippingRepository; If you want this repository to be a JDBC repository, consider annotating your entities with one of these annotations: org.springframework.data.relational.core.mapping.Table.
2022-12-31 23:13:35.368  INFO 14556 --- [    Test worker] .RepositoryConfigurationExtensionSupport : Spring Data JDBC - Could not safely identify store assignment for repository candidate interface com.findgeo.repository.CommentRepository; If you want this repository to be a JDBC repository, consider annotating your entities with one of these annotations: org.springframework.data.relational.core.mapping.Table.
2022-12-31 23:13:35.369  INFO 14556 --- [    Test worker] .RepositoryConfigurationExtensionSupport : Spring Data JDBC - Could not safely identify store assignment for repository candidate interface com.findgeo.repository.FdRepository; If you want this repository to be a JDBC repository, consider annotating your entities with one of these annotations: org.springframework.data.relational.core.mapping.Table.
2022-12-31 23:13:35.371  INFO 14556 --- [    Test worker] .RepositoryConfigurationExtensionSupport : Spring Data JDBC - Could not safely identify store assignment for repository candidate interface com.findgeo.repository.MemberRepository; If you want this repository to be a JDBC repository, consider annotating your entities with one of these annotations: org.springframework.data.relational.core.mapping.Table.
2022-12-31 23:13:35.374  INFO 14556 --- [    Test worker] .RepositoryConfigurationExtensionSupport : Spring Data JDBC - Could not safely identify store assignment for repository candidate interface com.findgeo.repository.PlannerRepository; If you want this repository to be a JDBC repository, consider annotating your entities with one of these annotations: org.springframework.data.relational.core.mapping.Table.
2022-12-31 23:13:35.375  INFO 14556 --- [    Test worker] .RepositoryConfigurationExtensionSupport : Spring Data JDBC - Could not safely identify store assignment for repository candidate interface com.findgeo.repository.PostsRepository; If you want this repository to be a JDBC repository, consider annotating your entities with one of these annotations: org.springframework.data.relational.core.mapping.Table.
2022-12-31 23:13:35.377  INFO 14556 --- [    Test worker] .RepositoryConfigurationExtensionSupport : Spring Data JDBC - Could not safely identify store assignment for repository candidate interface com.findgeo.repository.RetaRepository; If you want this repository to be a JDBC repository, consider annotating your entities with one of these annotations: org.springframework.data.relational.core.mapping.Table.
2022-12-31 23:13:35.378  INFO 14556 --- [    Test worker] .RepositoryConfigurationExtensionSupport : Spring Data JDBC - Could not safely identify store assignment for repository candidate interface com.findgeo.repository.SvRepository; If you want this repository to be a JDBC repository, consider annotating your entities with one of these annotations: org.springframework.data.relational.core.mapping.Table.
2022-12-31 23:13:35.380  INFO 14556 --- [    Test worker] .RepositoryConfigurationExtensionSupport : Spring Data JDBC - Could not safely identify store assignment for repository candidate interface com.findgeo.repository.TrafRepository; If you want this repository to be a JDBC repository, consider annotating your entities with one of these annotations: org.springframework.data.relational.core.mapping.Table.
2022-12-31 23:13:35.380  INFO 14556 --- [    Test worker] .s.d.r.c.RepositoryConfigurationDelegate : Finished Spring Data repository scanning in 58 ms. Found 0 JDBC repository interfaces.
2022-12-31 23:13:35.390  INFO 14556 --- [    Test worker] .s.d.r.c.RepositoryConfigurationDelegate : Multiple Spring Data modules found, entering strict repository configuration mode
2022-12-31 23:13:35.391  INFO 14556 --- [    Test worker] .s.d.r.c.RepositoryConfigurationDelegate : Bootstrapping Spring Data JPA repositories in DEFAULT mode.
2022-12-31 23:13:35.452  INFO 14556 --- [    Test worker] .s.d.r.c.RepositoryConfigurationDelegate : Finished Spring Data repository scanning in 56 ms. Found 10 JPA repository interfaces.
2022-12-31 23:13:36.216  INFO 14556 --- [    Test worker] o.hibernate.jpa.internal.util.LogHelper  : HHH000204: Processing PersistenceUnitInfo [name: default]
2022-12-31 23:13:36.326  INFO 14556 --- [    Test worker] org.hibernate.Version                    : HHH000412: Hibernate ORM core version 5.6.12.Final
2022-12-31 23:13:36.482  INFO 14556 --- [    Test worker] o.hibernate.annotations.common.Version   : HCANN000001: Hibernate Commons Annotations {5.1.2.Final}
2022-12-31 23:13:36.587  INFO 14556 --- [    Test worker] com.zaxxer.hikari.HikariDataSource       : HikariPool-1 - Starting...
2022-12-31 23:13:36.871  INFO 14556 --- [    Test worker] com.zaxxer.hikari.HikariDataSource       : HikariPool-1 - Start completed.
2022-12-31 23:13:36.889  INFO 14556 --- [    Test worker] org.hibernate.dialect.Dialect            : HHH000400: Using dialect: org.hibernate.dialect.MySQL8Dialect
2022-12-31 23:13:37.890  INFO 14556 --- [    Test worker] o.h.e.t.j.p.i.JtaPlatformInitiator       : HHH000490: Using JtaPlatform implementation: [org.hibernate.engine.transaction.jta.platform.internal.NoJtaPlatform]
2022-12-31 23:13:37.899  INFO 14556 --- [    Test worker] j.LocalContainerEntityManagerFactoryBean : Initialized JPA EntityManagerFactory for persistence unit 'default'
2022-12-31 23:13:39.446  WARN 14556 --- [    Test worker] JpaBaseConfiguration$JpaWebConfiguration : spring.jpa.open-in-view is enabled by default. Therefore, database queries may be performed during view rendering. Explicitly configure spring.jpa.open-in-view to disable this warning
2022-12-31 23:13:39.586  INFO 14556 --- [    Test worker] o.s.b.a.w.s.WelcomePageHandlerMapping    : Adding welcome page template: index
2022-12-31 23:13:40.216  INFO 14556 --- [    Test worker] o.s.s.web.DefaultSecurityFilterChain     : Will secure any request with [org.springframework.security.web.session.DisableEncodeUrlFilter@42210d27, org.springframework.security.web.context.request.async.WebAsyncManagerIntegrationFilter@74307afd, org.springframework.security.web.context.SecurityContextPersistenceFilter@c54e23b, org.springframework.security.web.header.HeaderWriterFilter@a05727b, org.springframework.security.web.csrf.CsrfFilter@2140de63, org.springframework.security.web.authentication.logout.LogoutFilter@1179731c, org.springframework.security.oauth2.client.web.OAuth2AuthorizationRequestRedirectFilter@36e7b91c, org.springframework.security.oauth2.client.web.OAuth2LoginAuthenticationFilter@19e5e846, org.springframework.security.web.authentication.UsernamePasswordAuthenticationFilter@201f0e84, org.springframework.security.web.savedrequest.RequestCacheAwareFilter@291fba9, org.springframework.security.web.servletapi.SecurityContextHolderAwareRequestFilter@29ff84fa, org.springframework.security.web.authentication.AnonymousAuthenticationFilter@6a063931, org.springframework.security.web.session.SessionManagementFilter@4dc10682, org.springframework.security.web.access.ExceptionTranslationFilter@30ae6721, org.springframework.security.web.access.intercept.FilterSecurityInterceptor@35ec9d29]
2022-12-31 23:13:41.113  INFO 14556 --- [    Test worker] com.findgeo.FindGeoApplicationTests      : Started FindGeoApplicationTests in 7.172 seconds (JVM running for 8.547)
]]></system-out>
  <system-err><![CDATA[]]></system-err>
</testsuite>
